<?xml version="1.0" encoding="UTF-8"?>
<!-- Generated by org.testng.reporters.JUnitReportReporter -->
<testsuite name="com.selemium.test.LoginLogout" tests="1" time="0.014" ignored="0" failures="0" timestamp="19 Feb 2022 15:55:50 GMT" skipped="0" hostname="INL-59F70X2" errors="0">
  <testcase name="LoginLogoutTest" time="0.014" classname="com.selemium.test.LoginLogout"/>
</testsuite> <!-- com.selemium.test.LoginLogout -->
