<?xml version="1.0" encoding="UTF-8"?>
<!-- Generated by org.testng.reporters.JUnitReportReporter -->
<testsuite name="com.selemium.test.LoginLogout" tests="1" time="34.442" ignored="0" failures="0" timestamp="10 Jan 2022 14:16:49 GMT" skipped="0" hostname="INL-59F70X2" errors="0">
  <testcase name="LoginLogoutTest" time="34.442" classname="com.selemium.test.LoginLogout"/>
</testsuite> <!-- com.selemium.test.LoginLogout -->
